<?xml version="1.0" encoding="UTF-8"?>
<!-- Generated by org.testng.reporters.JUnitXMLReporter -->
<testsuite ignored="0" hostname="abdulraheemPC" failures="0" tests="5" name="Default test" time="14.989" errors="0" timestamp="2025-09-22T21:03:57 EET">
  <testcase classname="MyTestcases" name="AddNewRecord" time="0.012"/>
  <testcase classname="MyTestcases" name="updateData" time="0.005"/>
  <testcase classname="MyTestcases" name="ReadData" time="0.024"/>
  <testcase classname="MyTestcases" name="deleteData" time="0.006"/>
  <testcase classname="MyTestcases" name="SignupTest" time="12.488"/>
</testsuite> <!-- Default test -->
