<?xml version="1.0" encoding="UTF-8"?>
<testng-results ignored="0" total="4" passed="4" failed="0" skipped="0">
  <reporter-output>
  </reporter-output>
  <suite started-at="2025-09-17T21:29:11 EET" name="Default suite" finished-at="2025-09-17T21:29:14 EET" duration-ms="2876">
    <groups>
    </groups>
    <test started-at="2025-09-17T21:29:11 EET" name="Default test" finished-at="2025-09-17T21:29:14 EET" duration-ms="2876">
      <class name="myData">
        <test-method is-config="true" signature="myBeforeTest()[pri:0, instance:myData@70a36a66]" started-at="2025-09-17T21:29:11 EET" name="myBeforeTest" finished-at="2025-09-17T21:29:14 EET" duration-ms="2786" status="PASS">
          <reporter-output>
          </reporter-output>
        </test-method> <!-- myBeforeTest -->
        <test-method signature="AddNewRecord()[pri:1, instance:myData@70a36a66]" started-at="2025-09-17T21:29:14 EET" name="AddNewRecord" finished-at="2025-09-17T21:29:14 EET" duration-ms="23" status="PASS">
          <reporter-output>
          </reporter-output>
        </test-method> <!-- AddNewRecord -->
        <test-method signature="updateData()[pri:2, instance:myData@70a36a66]" started-at="2025-09-17T21:29:14 EET" name="updateData" finished-at="2025-09-17T21:29:14 EET" duration-ms="3" status="PASS">
          <reporter-output>
          </reporter-output>
        </test-method> <!-- updateData -->
        <test-method signature="ReadData()[pri:3, instance:myData@70a36a66]" started-at="2025-09-17T21:29:14 EET" name="ReadData" finished-at="2025-09-17T21:29:14 EET" duration-ms="29" status="PASS">
          <reporter-output>
          </reporter-output>
        </test-method> <!-- ReadData -->
        <test-method signature="deleteData()[pri:4, instance:myData@70a36a66]" started-at="2025-09-17T21:29:14 EET" name="deleteData" finished-at="2025-09-17T21:29:14 EET" duration-ms="4" status="PASS">
          <reporter-output>
          </reporter-output>
        </test-method> <!-- deleteData -->
      </class> <!-- myData -->
    </test> <!-- Default test -->
  </suite> <!-- Default suite -->
</testng-results>
