<?xml version="1.0" encoding="UTF-8"?>
<testng-results ignored="0" total="4" passed="4" failed="0" skipped="0">
  <reporter-output>
  </reporter-output>
  <suite started-at="2025-09-17T21:18:35 EET" name="Default suite" finished-at="2025-09-17T21:18:37 EET" duration-ms="2102">
    <groups>
    </groups>
    <test started-at="2025-09-17T21:18:35 EET" name="Default test" finished-at="2025-09-17T21:18:37 EET" duration-ms="2102">
      <class name="myTestcase">
        <test-method is-config="true" signature="myBeforeTest()[pri:0, instance:myTestcase@70a36a66]" started-at="2025-09-17T21:18:35 EET" name="myBeforeTest" finished-at="2025-09-17T21:18:37 EET" duration-ms="1858" status="PASS">
          <reporter-output>
          </reporter-output>
        </test-method> <!-- myBeforeTest -->
        <test-method signature="AddNewRecord()[pri:1, instance:myTestcase@70a36a66]" started-at="2025-09-17T21:18:37 EET" name="AddNewRecord" finished-at="2025-09-17T21:18:37 EET" duration-ms="12" status="PASS">
          <reporter-output>
          </reporter-output>
        </test-method> <!-- AddNewRecord -->
        <test-method signature="updateData()[pri:2, instance:myTestcase@70a36a66]" started-at="2025-09-17T21:18:37 EET" name="updateData" finished-at="2025-09-17T21:18:37 EET" duration-ms="5" status="PASS">
          <reporter-output>
          </reporter-output>
        </test-method> <!-- updateData -->
        <test-method signature="ReadData()[pri:3, instance:myTestcase@70a36a66]" started-at="2025-09-17T21:18:37 EET" name="ReadData" finished-at="2025-09-17T21:18:37 EET" duration-ms="199" status="PASS">
          <reporter-output>
          </reporter-output>
        </test-method> <!-- ReadData -->
        <test-method signature="deleteData()[pri:4, instance:myTestcase@70a36a66]" started-at="2025-09-17T21:18:37 EET" name="deleteData" finished-at="2025-09-17T21:18:37 EET" duration-ms="3" status="PASS">
          <reporter-output>
          </reporter-output>
        </test-method> <!-- deleteData -->
      </class> <!-- myTestcase -->
    </test> <!-- Default test -->
  </suite> <!-- Default suite -->
</testng-results>
